Copyright 1986-2022 Xilinx, Inc. All Rights Reserved.
------------------------------------------------------------------------------------------------------------------
| Tool Version : Vivado v.2022.2 (lin64) Build 3671981 Fri Oct 14 04:59:54 MDT 2022
| Date         : Fri Mar  6 15:18:00 2026
| Host         : 47d8709a4d53 running 64-bit Ubuntu 22.04.5 LTS
| Command      : report_drc -file cw305_top_drc_opted.rpt -pb cw305_top_drc_opted.pb -rpx cw305_top_drc_opted.rpx
| Design       : cw305_top
| Device       : xc7a35tftg256-2
| Speed File   : -2
| Design State : Synthesized
------------------------------------------------------------------------------------------------------------------

Report DRC

Table of Contents
-----------------
1. REPORT SUMMARY
2. REPORT DETAILS

1. REPORT SUMMARY
-----------------
            Netlist: netlist
          Floorplan: design_1
      Design limits: <entire design considered>
           Ruledeck: default
             Max violations: <unlimited>
             Violations found: 0
+------+----------+-------------+------------+
| Rule | Severity | Description | Violations |
+------+----------+-------------+------------+
+------+----------+-------------+------------+

2. REPORT DETAILS
-----------------

