Copyright 1986-2022 Xilinx, Inc. All Rights Reserved.
--------------------------------------------------------------------------------------------------------------
| Tool Version : Vivado v.2022.2 (lin64) Build 3671981 Fri Oct 14 04:59:54 MDT 2022
| Date         : Sat Mar 14 12:08:26 2026
| Host         : ralab06.informatik.uni-stuttgart.de running 64-bit AlmaLinux release 8.10 (Cerulean Leopard)
| Command      : report_control_sets -verbose -file cw305_top_control_sets_placed.rpt
| Design       : cw305_top
| Device       : xc7a100t
--------------------------------------------------------------------------------------------------------------

Control Set Information

Table of Contents
-----------------
1. Summary
2. Histogram
3. Flip-Flop Distribution
4. Detailed Control Set Information

1. Summary
----------

+----------------------------------------------------------+-------+
|                          Status                          | Count |
+----------------------------------------------------------+-------+
| Total control sets                                       |    36 |
|    Minimum number of control sets                        |    36 |
|    Addition due to synthesis replication                 |     0 |
|    Addition due to physical synthesis replication        |     0 |
| Unused register locations in slices containing registers |    37 |
+----------------------------------------------------------+-------+
* Control sets can be merged at opt_design using control_set_merge or merge_equivalent_drivers
** Run report_qor_suggestions for automated merging and remapping suggestions


2. Histogram
------------

+--------------------+-------+
|       Fanout       | Count |
+--------------------+-------+
| Total control sets |    36 |
| >= 0 to < 4        |     0 |
| >= 4 to < 6        |     2 |
| >= 6 to < 8        |     0 |
| >= 8 to < 10       |    21 |
| >= 10 to < 12      |     1 |
| >= 12 to < 14      |     0 |
| >= 14 to < 16      |     1 |
| >= 16              |    11 |
+--------------------+-------+
* Control sets can be remapped at either synth_design or opt_design


3. Flip-Flop Distribution
-------------------------

+--------------+-----------------------+------------------------+-----------------+--------------+
| Clock Enable | Synchronous Set/Reset | Asynchronous Set/Reset | Total Registers | Total Slices |
+--------------+-----------------------+------------------------+-----------------+--------------+
| No           | No                    | No                     |             734 |          191 |
| No           | No                    | Yes                    |             530 |          139 |
| No           | Yes                   | No                     |              22 |           11 |
| Yes          | No                    | No                     |             680 |          205 |
| Yes          | No                    | Yes                    |             485 |          104 |
| Yes          | Yes                   | No                     |             272 |           72 |
+--------------+-----------------------+------------------------+-----------------+--------------+


4. Detailed Control Set Information
-----------------------------------

+-----------------------+-------------------------------------------------------------------------------------------+-----------------------------------------------------------------------------------------------------------------------------+------------------+----------------+--------------+
|      Clock Signal     |                                       Enable Signal                                       |                                                       Set/Reset Signal                                                      | Slice Load Count | Bel Load Count | Bels / Slice |
+-----------------------+-------------------------------------------------------------------------------------------+-----------------------------------------------------------------------------------------------------------------------------+------------------+----------------+--------------+
|  U_clocks/crypt_clk   | u_aes_dom/u_aes_dom/u_aes_top/rcon_1/E[0]                                                 | u_aes_dom/AR[0]                                                                                                             |                2 |              5 |         2.50 |
|  U_clocks/usb_clk_buf | U_usb_reg_fe/E[0]                                                                         | u_aes_dom/AR[0]                                                                                                             |                1 |              5 |         5.00 |
|  U_clocks/usb_clk_buf |                                                                                           | U_usb_reg_fe/SR[0]                                                                                                          |                5 |              8 |         1.60 |
|  U_clocks/usb_clk_buf | U_usb_reg_fe/usb_addr_r_reg[3]_rep_0[12]                                                  |                                                                                                                             |                2 |              8 |         4.00 |
|  U_clocks/usb_clk_buf | U_usb_reg_fe/usb_addr_r_reg[3]_rep_0[11]                                                  |                                                                                                                             |                3 |              8 |         2.67 |
|  U_clocks/usb_clk_buf | U_usb_reg_fe/usb_addr_r_reg[3]_rep_0[10]                                                  |                                                                                                                             |                2 |              8 |         4.00 |
|  U_clocks/usb_clk_buf | U_usb_reg_fe/usb_addr_r_reg[3]_rep_0[8]                                                   |                                                                                                                             |                2 |              8 |         4.00 |
|  U_clocks/usb_clk_buf | U_usb_reg_fe/usb_addr_r_reg[3]_rep_0[7]                                                   |                                                                                                                             |                2 |              8 |         4.00 |
|  U_clocks/usb_clk_buf | U_usb_reg_fe/usb_addr_r_reg[3]_rep_0[9]                                                   |                                                                                                                             |                2 |              8 |         4.00 |
|  U_clocks/usb_clk_buf | U_usb_reg_fe/usb_addr_r_reg[3]_rep_0[6]                                                   |                                                                                                                             |                2 |              8 |         4.00 |
|  U_clocks/usb_clk_buf | U_usb_reg_fe/usb_addr_r_reg[3]_rep_0[5]                                                   |                                                                                                                             |                1 |              8 |         8.00 |
|  U_clocks/usb_clk_buf | U_usb_reg_fe/usb_addr_r_reg[3]_rep_0[4]                                                   |                                                                                                                             |                1 |              8 |         8.00 |
|  U_clocks/usb_clk_buf | U_usb_reg_fe/usb_addr_r_reg[3]_rep_0[3]                                                   |                                                                                                                             |                2 |              8 |         4.00 |
|  U_clocks/usb_clk_buf | U_usb_reg_fe/usb_addr_r_reg[3]_rep_0[2]                                                   |                                                                                                                             |                4 |              8 |         2.00 |
|  U_clocks/usb_clk_buf | U_usb_reg_fe/usb_addr_r_reg[3]_rep_0[1]                                                   |                                                                                                                             |                4 |              8 |         2.00 |
|  U_clocks/usb_clk_buf | U_usb_reg_fe/usb_addr_r_reg[3]_rep_0[0]                                                   |                                                                                                                             |                1 |              8 |         8.00 |
|  U_clocks/usb_clk_buf | U_usb_reg_fe/usb_addr_r_reg[3]_rep_0[13]                                                  |                                                                                                                             |                2 |              8 |         4.00 |
|  U_clocks/crypt_clk   | u_aes_dom/cycle_counter                                                                   | u_aes_dom/AR[0]                                                                                                             |                3 |              8 |         2.67 |
|  U_clocks/crypt_clk   | u_aes_dom/u_aes_dom/u_aes_top/aes_sbox/masked_variant_pipelined.Y0xorY12xDP[1][3]_i_1_n_0 |                                                                                                                             |                4 |              8 |         2.00 |
|  U_clocks/usb_clk_buf | U_usb_reg_fe/usb_addr_r_reg[3]_rep_0[14]                                                  |                                                                                                                             |                2 |              8 |         4.00 |
|  U_clocks/crypt_clk   | u_aes_dom/u_aes_dom/u_aes_top/controller_selection_g.aes_ctrl_lsfr_1/nextRCONxS           | u_aes_dom/u_aes_dom/u_aes_top/rcon_1/perfectly_interleaving.RCONxDP[7]_i_3_n_0                                              |                2 |              8 |         4.00 |
|  U_clocks/usb_clk_buf | U_usb_reg_fe/usb_addr_r_reg[3]_rep_0[15]                                                  |                                                                                                                             |                2 |              8 |         4.00 |
|  U_clocks/usb_clk_buf |                                                                                           | u_aes_dom/AR[0]                                                                                                             |                4 |              9 |         2.25 |
|  U_clocks/crypt_clk   | u_aes_dom/u_prng/init_counter                                                             | u_aes_dom/u_prng/a[92]_i_1_n_0                                                                                              |                3 |             11 |         3.67 |
|  U_clocks/crypt_clk   |                                                                                           | u_aes_dom/AR[0]                                                                                                             |                5 |             15 |         3.00 |
|  U_clocks/crypt_clk   | u_aes_dom/u_prng/b                                                                        | u_aes_dom/u_prng/a[92]_i_1_n_0                                                                                              |                5 |             17 |         3.40 |
|  U_clocks/crypt_clk   | u_aes_dom/u_prng/prng_en                                                                  | u_aes_dom/u_prng/a[92]_i_1_n_0                                                                                              |               22 |            111 |         5.05 |
|  U_clocks/usb_clk_buf | U_usb_reg_fe/reg_write                                                                    | u_aes_dom/AR[0]                                                                                                             |               41 |            128 |         3.12 |
|  U_clocks/crypt_clk   | u_aes_dom/u_aes_dom/u_aes_top/controller_selection_g.aes_ctrl_lsfr_1/collecting_ct_reg[0] | u_aes_dom/AR[0]                                                                                                             |               25 |            128 |         5.12 |
|  U_clocks/crypt_clk   | u_aes_dom/done_r_reg_0[0]                                                                 |                                                                                                                             |               31 |            128 |         4.13 |
|  U_clocks/crypt_clk   | u_aes_dom/u_prng/b                                                                        |                                                                                                                             |               53 |            160 |         3.02 |
|  U_clocks/usb_clk_buf | U_usb_reg_fe/usb_cen_r_reg_0[0]                                                           |                                                                                                                             |               83 |            256 |         3.08 |
|  U_clocks/usb_clk_buf |                                                                                           |                                                                                                                             |               88 |            322 |         3.66 |
|  U_clocks/crypt_clk   | U_reg_aes/U_go_pulse/pt_latched0                                                          | u_aes_dom/AR[0]                                                                                                             |               72 |            336 |         4.67 |
|  U_clocks/crypt_clk   |                                                                                           |                                                                                                                             |              103 |            460 |         4.47 |
|  U_clocks/crypt_clk   |                                                                                           | u_aes_dom/u_aes_dom/u_aes_top/aes_sbox/masked_variant_pipelined.inverter_gf24/shared_sel_pipelined.a_mul_b/dom_soft_rst_reg |              136 |            520 |         3.82 |
+-----------------------+-------------------------------------------------------------------------------------------+-----------------------------------------------------------------------------------------------------------------------------+------------------+----------------+--------------+


