
*** Running vivado
    with args -log cw305_top.vdi -applog -m64 -product Vivado -messageDb vivado.pb -mode batch -source cw305_top.tcl -notrace


****** Vivado v2022.2 (64-bit)
  **** SW Build 3671981 on Fri Oct 14 04:59:54 MDT 2022
  **** IP Build 3669848 on Fri Oct 14 08:30:02 MDT 2022
    ** Copyright 1986-2022 Xilinx, Inc. All Rights Reserved.

source cw305_top.tcl -notrace
Command: link_design -top cw305_top -part xc7a100tftg256-2
Design is defaulting to srcset: sources_1
Design is defaulting to constrset: constrs_1
INFO: [Device 21-403] Loading part xc7a100tftg256-2
Netlist sorting complete. Time (s): cpu = 00:00:00.02 ; elapsed = 00:00:00.02 . Memory (MB): peak = 2610.906 ; gain = 0.000 ; free physical = 72112 ; free virtual = 107832
INFO: [Netlist 29-17] Analyzing 109 Unisim elements for replacement
INFO: [Netlist 29-28] Unisim Transformation completed in 0 CPU seconds
INFO: [Project 1-479] Netlist was created with Vivado 2022.2
INFO: [Project 1-570] Preparing netlist for logic optimization
Parsing XDC File [/home/raoar/RP_WS/DOM_AES_CW305/vivado/DOM_AES_CW305/DOM_AES_CW305.srcs/constrs_1/new/cw305.xdc]
Finished Parsing XDC File [/home/raoar/RP_WS/DOM_AES_CW305/vivado/DOM_AES_CW305/DOM_AES_CW305.srcs/constrs_1/new/cw305.xdc]
INFO: [Opt 31-138] Pushed 0 inverter(s) to 0 load pin(s).
Netlist sorting complete. Time (s): cpu = 00:00:00 ; elapsed = 00:00:00 . Memory (MB): peak = 2777.289 ; gain = 0.000 ; free physical = 71996 ; free virtual = 107716
INFO: [Project 1-111] Unisim Transformation Summary:
  A total of 8 instances were transformed.
  IOBUF => IOBUF (IBUF, OBUFT): 8 instances

7 Infos, 0 Warnings, 0 Critical Warnings and 0 Errors encountered.
link_design completed successfully
link_design: Time (s): cpu = 00:00:05 ; elapsed = 00:00:06 . Memory (MB): peak = 2777.289 ; gain = 526.711 ; free physical = 71996 ; free virtual = 107716
Command: opt_design
Attempting to get a license for feature 'Implementation' and/or device 'xc7a100t'
INFO: [Common 17-349] Got license for feature 'Implementation' and/or device 'xc7a100t'
Running DRC as a precondition to command opt_design

Starting DRC Task
INFO: [DRC 23-27] Running DRC with 8 threads
INFO: [Project 1-461] DRC finished with 0 Errors
INFO: [Project 1-462] Please refer to the DRC report (report_drc) for more information.

Time (s): cpu = 00:00:00.89 ; elapsed = 00:00:00.62 . Memory (MB): peak = 2868.070 ; gain = 90.781 ; free physical = 71974 ; free virtual = 107694

Starting Cache Timing Information Task
INFO: [Timing 38-35] Done setting XDC timing constraints.
Ending Cache Timing Information Task | Checksum: 1bc3a7931

Time (s): cpu = 00:00:06 ; elapsed = 00:00:06 . Memory (MB): peak = 3332.922 ; gain = 464.852 ; free physical = 71532 ; free virtual = 107285

Starting Logic Optimization Task

Phase 1 Retarget
INFO: [Opt 31-1287] Pulled Inverter u_aes_dom/u_aes_dom/u_aes_top/generate_registers_g[0].aes_key_regs/masked_variant_pipelined.Y0_0xDP[0][1]_i_1 into driver instance u_aes_dom/u_aes_dom/u_aes_top/generate_registers_g[0].aes_key_regs/first_order_optimized_variant_g.X_times_B_remaskedxDP[0][2]_i_3, which resulted in an inversion of 8 pins
INFO: [Opt 31-1287] Pulled Inverter u_aes_dom/u_aes_dom/u_aes_top/generate_registers_g[0].aes_key_regs/pipeline_register_g.YxDP[0][2]_i_1 into driver instance u_aes_dom/u_aes_dom/u_aes_top/generate_registers_g[0].aes_key_regs/BlindedYxDP[1][2]_i_2, which resulted in an inversion of 10 pins
INFO: [Opt 31-1287] Pulled Inverter u_aes_dom/u_aes_dom/u_aes_top/generate_registers_g[1].aes_key_regs/pipeline_register_g.XxDP[1][2]_i_1 into driver instance u_aes_dom/u_aes_dom/u_aes_top/generate_registers_g[1].aes_key_regs/first_order_optimized_variant_g.X_times_B_remaskedxDP[1][3]_i_3, which resulted in an inversion of 3 pins
INFO: [Opt 31-1287] Pulled Inverter u_aes_dom/u_aes_dom/u_aes_top/generate_registers_g[1].aes_key_regs/pipeline_register_g.XxDP[1][3]_i_1 into driver instance u_aes_dom/u_aes_dom/u_aes_top/generate_registers_g[1].aes_key_regs/first_order_optimized_variant_g.X_times_B_remaskedxDP[1][3]_i_4, which resulted in an inversion of 3 pins
INFO: [Opt 31-1287] Pulled Inverter u_aes_dom/u_aes_dom/u_aes_top/generate_registers_g[1].aes_key_regs/pipeline_register_g.YxDP[1][2]_i_1 into driver instance u_aes_dom/u_aes_dom/u_aes_top/generate_registers_g[1].aes_key_regs/BlindedYxDP[0][2]_i_2, which resulted in an inversion of 9 pins
INFO: [Opt 31-138] Pushed 0 inverter(s) to 0 load pin(s).
INFO: [Opt 31-49] Retargeted 0 cell(s).
Phase 1 Retarget | Checksum: 2baf46b7e

Time (s): cpu = 00:00:00.22 ; elapsed = 00:00:00.09 . Memory (MB): peak = 3611.812 ; gain = 0.000 ; free physical = 71290 ; free virtual = 107044
INFO: [Opt 31-389] Phase Retarget created 0 cells and removed 133 cells
INFO: [Opt 31-1021] In phase Retarget, 1 netlist objects are constrained preventing optimization. Please run opt_design with -debug_log to get more detail. 

Phase 2 Constant propagation
INFO: [Opt 31-138] Pushed 0 inverter(s) to 0 load pin(s).
Phase 2 Constant propagation | Checksum: 2baf46b7e

Time (s): cpu = 00:00:00.23 ; elapsed = 00:00:00.12 . Memory (MB): peak = 3611.812 ; gain = 0.000 ; free physical = 71290 ; free virtual = 107044
INFO: [Opt 31-389] Phase Constant propagation created 0 cells and removed 0 cells

Phase 3 Sweep
Phase 3 Sweep | Checksum: 2da23a132

Time (s): cpu = 00:00:00.26 ; elapsed = 00:00:00.14 . Memory (MB): peak = 3611.812 ; gain = 0.000 ; free physical = 71288 ; free virtual = 107042
INFO: [Opt 31-389] Phase Sweep created 0 cells and removed 0 cells

Phase 4 BUFG optimization
Phase 4 BUFG optimization | Checksum: 2da23a132

Time (s): cpu = 00:00:00.29 ; elapsed = 00:00:00.16 . Memory (MB): peak = 3643.828 ; gain = 32.016 ; free physical = 71289 ; free virtual = 107043
INFO: [Opt 31-662] Phase BUFG optimization created 0 cells of which 0 are BUFGs and removed 0 cells.

Phase 5 Shift Register Optimization
INFO: [Opt 31-1064] SRL Remap converted 0 SRLs to 0 registers and converted 0 registers of register chains to 0 SRLs
Phase 5 Shift Register Optimization | Checksum: 2da23a132

Time (s): cpu = 00:00:00.29 ; elapsed = 00:00:00.17 . Memory (MB): peak = 3643.828 ; gain = 32.016 ; free physical = 71287 ; free virtual = 107041
INFO: [Opt 31-389] Phase Shift Register Optimization created 0 cells and removed 0 cells

Phase 6 Post Processing Netlist
Phase 6 Post Processing Netlist | Checksum: 2da23a132

Time (s): cpu = 00:00:00.3 ; elapsed = 00:00:00.18 . Memory (MB): peak = 3643.828 ; gain = 32.016 ; free physical = 71286 ; free virtual = 107040
INFO: [Opt 31-389] Phase Post Processing Netlist created 0 cells and removed 0 cells
Opt_design Change Summary
=========================


-------------------------------------------------------------------------------------------------------------------------
|  Phase                        |  #Cells created  |  #Cells Removed  |  #Constrained objects preventing optimizations  |
-------------------------------------------------------------------------------------------------------------------------
|  Retarget                     |               0  |             133  |                                              1  |
|  Constant propagation         |               0  |               0  |                                              0  |
|  Sweep                        |               0  |               0  |                                              0  |
|  BUFG optimization            |               0  |               0  |                                              0  |
|  Shift Register Optimization  |               0  |               0  |                                              0  |
|  Post Processing Netlist      |               0  |               0  |                                              0  |
-------------------------------------------------------------------------------------------------------------------------



Starting Connectivity Check Task

Time (s): cpu = 00:00:00 ; elapsed = 00:00:00 . Memory (MB): peak = 3643.828 ; gain = 0.000 ; free physical = 71285 ; free virtual = 107039
Ending Logic Optimization Task | Checksum: 1170fa442

Time (s): cpu = 00:00:00.31 ; elapsed = 00:00:00.19 . Memory (MB): peak = 3643.828 ; gain = 32.016 ; free physical = 71285 ; free virtual = 107039

Starting Power Optimization Task
INFO: [Pwropt 34-132] Skipping clock gating for clocks with a period < 2.00 ns.
Ending Power Optimization Task | Checksum: 1170fa442

Time (s): cpu = 00:00:00 ; elapsed = 00:00:00.01 . Memory (MB): peak = 3643.828 ; gain = 0.000 ; free physical = 71284 ; free virtual = 107038

Starting Final Cleanup Task
Ending Final Cleanup Task | Checksum: 1170fa442

Time (s): cpu = 00:00:00 ; elapsed = 00:00:00 . Memory (MB): peak = 3643.828 ; gain = 0.000 ; free physical = 71284 ; free virtual = 107039

Starting Netlist Obfuscation Task
Netlist sorting complete. Time (s): cpu = 00:00:00 ; elapsed = 00:00:00 . Memory (MB): peak = 3643.828 ; gain = 0.000 ; free physical = 71284 ; free virtual = 107039
Ending Netlist Obfuscation Task | Checksum: 1170fa442

Time (s): cpu = 00:00:00 ; elapsed = 00:00:00.01 . Memory (MB): peak = 3643.828 ; gain = 0.000 ; free physical = 71284 ; free virtual = 107039
INFO: [Common 17-83] Releasing license: Implementation
30 Infos, 0 Warnings, 0 Critical Warnings and 0 Errors encountered.
opt_design completed successfully
opt_design: Time (s): cpu = 00:00:09 ; elapsed = 00:00:08 . Memory (MB): peak = 3643.828 ; gain = 866.539 ; free physical = 71284 ; free virtual = 107038
INFO: [Timing 38-480] Writing timing data to binary archive.
Writing XDEF routing.
Writing XDEF routing logical nets.
Writing XDEF routing special nets.
Write XDEF Complete: Time (s): cpu = 00:00:00.19 ; elapsed = 00:00:00.07 . Memory (MB): peak = 3691.852 ; gain = 40.020 ; free physical = 71268 ; free virtual = 107023
INFO: [Common 17-1381] The checkpoint '/home/raoar/RP_WS/DOM_AES_CW305/vivado/DOM_AES_CW305/DOM_AES_CW305.runs/impl_1/cw305_top_opt.dcp' has been generated.
INFO: [runtcl-4] Executing : report_drc -file cw305_top_drc_opted.rpt -pb cw305_top_drc_opted.pb -rpx cw305_top_drc_opted.rpx
Command: report_drc -file cw305_top_drc_opted.rpt -pb cw305_top_drc_opted.pb -rpx cw305_top_drc_opted.rpx
INFO: [IP_Flow 19-234] Refreshing IP repositories
INFO: [IP_Flow 19-1704] No user IP repositories specified
INFO: [IP_Flow 19-2313] Loaded Vivado IP repository '/cad/xilinx/vivado2022.2/Vivado/2022.2/data/ip'.
INFO: [DRC 23-27] Running DRC with 8 threads
INFO: [Vivado_Tcl 2-168] The results of DRC are in file /home/raoar/RP_WS/DOM_AES_CW305/vivado/DOM_AES_CW305/DOM_AES_CW305.runs/impl_1/cw305_top_drc_opted.rpt.
report_drc completed successfully
Command: place_design
Attempting to get a license for feature 'Implementation' and/or device 'xc7a100t'
INFO: [Common 17-349] Got license for feature 'Implementation' and/or device 'xc7a100t'
INFO: [DRC 23-27] Running DRC with 8 threads
INFO: [Vivado_Tcl 4-198] DRC finished with 0 Errors
INFO: [Vivado_Tcl 4-199] Please refer to the DRC report (report_drc) for more information.
Running DRC as a precondition to command place_design
INFO: [DRC 23-27] Running DRC with 8 threads
INFO: [Vivado_Tcl 4-198] DRC finished with 0 Errors
INFO: [Vivado_Tcl 4-199] Please refer to the DRC report (report_drc) for more information.

Starting Placer Task
INFO: [Place 30-611] Multithreading enabled for place_design using a maximum of 8 CPUs

Phase 1 Placer Initialization

Phase 1.1 Placer Initialization Netlist Sorting
Netlist sorting complete. Time (s): cpu = 00:00:00 ; elapsed = 00:00:00 . Memory (MB): peak = 3755.883 ; gain = 0.000 ; free physical = 71260 ; free virtual = 107014
Phase 1.1 Placer Initialization Netlist Sorting | Checksum: 11300c148

Time (s): cpu = 00:00:00.01 ; elapsed = 00:00:00.03 . Memory (MB): peak = 3755.883 ; gain = 0.000 ; free physical = 71260 ; free virtual = 107014
Netlist sorting complete. Time (s): cpu = 00:00:00 ; elapsed = 00:00:00 . Memory (MB): peak = 3755.883 ; gain = 0.000 ; free physical = 71260 ; free virtual = 107015

Phase 1.2 IO Placement/ Clock Placement/ Build Placer Device
INFO: [Timing 38-35] Done setting XDC timing constraints.
Phase 1.2 IO Placement/ Clock Placement/ Build Placer Device | Checksum: a9ca09b2

Time (s): cpu = 00:00:00.59 ; elapsed = 00:00:00.27 . Memory (MB): peak = 3755.883 ; gain = 0.000 ; free physical = 71238 ; free virtual = 106993

Phase 1.3 Build Placer Netlist Model
Phase 1.3 Build Placer Netlist Model | Checksum: 12f017d24

Time (s): cpu = 00:00:01 ; elapsed = 00:00:00.54 . Memory (MB): peak = 3755.883 ; gain = 0.000 ; free physical = 71248 ; free virtual = 107003

Phase 1.4 Constrain Clocks/Macros
Phase 1.4 Constrain Clocks/Macros | Checksum: 12f017d24

Time (s): cpu = 00:00:01 ; elapsed = 00:00:00.54 . Memory (MB): peak = 3755.883 ; gain = 0.000 ; free physical = 71248 ; free virtual = 107003
Phase 1 Placer Initialization | Checksum: 12f017d24

Time (s): cpu = 00:00:01 ; elapsed = 00:00:00.55 . Memory (MB): peak = 3755.883 ; gain = 0.000 ; free physical = 71248 ; free virtual = 107003

Phase 2 Global Placement

Phase 2.1 Floorplanning
Phase 2.1 Floorplanning | Checksum: 13b8283e6

Time (s): cpu = 00:00:02 ; elapsed = 00:00:00.63 . Memory (MB): peak = 3755.883 ; gain = 0.000 ; free physical = 71223 ; free virtual = 106978

Phase 2.2 Update Timing before SLR Path Opt
Phase 2.2 Update Timing before SLR Path Opt | Checksum: b674c696

Time (s): cpu = 00:00:02 ; elapsed = 00:00:00.69 . Memory (MB): peak = 3755.883 ; gain = 0.000 ; free physical = 71235 ; free virtual = 106990

Phase 2.3 Post-Processing in Floorplanning
Phase 2.3 Post-Processing in Floorplanning | Checksum: b674c696

Time (s): cpu = 00:00:02 ; elapsed = 00:00:00.7 . Memory (MB): peak = 3755.883 ; gain = 0.000 ; free physical = 71235 ; free virtual = 106990

Phase 2.4 Global Placement Core

Phase 2.4.1 UpdateTiming Before Physical Synthesis
Phase 2.4.1 UpdateTiming Before Physical Synthesis | Checksum: eb4b9d66

Time (s): cpu = 00:00:06 ; elapsed = 00:00:02 . Memory (MB): peak = 3755.883 ; gain = 0.000 ; free physical = 71190 ; free virtual = 106945

Phase 2.4.2 Physical Synthesis In Placer
INFO: [Physopt 32-1035] Found 0 LUTNM shape to break, 6 LUT instances to create LUTNM shape
INFO: [Physopt 32-1044] Break lutnm for timing: one critical 0, two critical 0, total 0, new lutff created 0
INFO: [Physopt 32-1138] End 1 Pass. Optimized 3 nets or LUTs. Breaked 0 LUT, combined 3 existing LUTs and moved 0 existing LUT
INFO: [Physopt 32-65] No nets found for high-fanout optimization.
INFO: [Physopt 32-232] Optimized 0 net. Created 0 new instance.
INFO: [Physopt 32-775] End 1 Pass. Optimized 0 net or cell. Created 0 new cell, deleted 0 existing cell and moved 0 existing cell
INFO: [Physopt 32-670] No setup violation found.  DSP Register Optimization was not performed.
INFO: [Physopt 32-670] No setup violation found.  Shift Register to Pipeline Optimization was not performed.
INFO: [Physopt 32-670] No setup violation found.  Shift Register Optimization was not performed.
INFO: [Physopt 32-670] No setup violation found.  BRAM Register Optimization was not performed.
INFO: [Physopt 32-670] No setup violation found.  URAM Register Optimization was not performed.
INFO: [Physopt 32-949] No candidate nets found for dynamic/static region interface net replication
INFO: [Physopt 32-775] End 1 Pass. Optimized 0 net or cell. Created 0 new cell, deleted 0 existing cell and moved 0 existing cell
Netlist sorting complete. Time (s): cpu = 00:00:00 ; elapsed = 00:00:00 . Memory (MB): peak = 3755.883 ; gain = 0.000 ; free physical = 71206 ; free virtual = 106961

Summary of Physical Synthesis Optimizations
============================================


-----------------------------------------------------------------------------------------------------------------------------------------------------------
|  Optimization                                     |  Added Cells  |  Removed Cells  |  Optimized Cells/Nets  |  Dont Touch  |  Iterations  |  Elapsed   |
-----------------------------------------------------------------------------------------------------------------------------------------------------------
|  LUT Combining                                    |            0  |              3  |                     3  |           0  |           1  |  00:00:00  |
|  Retime                                           |            0  |              0  |                     0  |           0  |           1  |  00:00:00  |
|  Very High Fanout                                 |            0  |              0  |                     0  |           0  |           1  |  00:00:00  |
|  DSP Register                                     |            0  |              0  |                     0  |           0  |           0  |  00:00:00  |
|  Shift Register to Pipeline                       |            0  |              0  |                     0  |           0  |           0  |  00:00:00  |
|  Shift Register                                   |            0  |              0  |                     0  |           0  |           0  |  00:00:00  |
|  BRAM Register                                    |            0  |              0  |                     0  |           0  |           0  |  00:00:00  |
|  URAM Register                                    |            0  |              0  |                     0  |           0  |           0  |  00:00:00  |
|  Dynamic/Static Region Interface Net Replication  |            0  |              0  |                     0  |           0  |           1  |  00:00:00  |
|  Total                                            |            0  |              3  |                     3  |           0  |           4  |  00:00:00  |
-----------------------------------------------------------------------------------------------------------------------------------------------------------


Phase 2.4.2 Physical Synthesis In Placer | Checksum: 16e6e6a56

Time (s): cpu = 00:00:07 ; elapsed = 00:00:02 . Memory (MB): peak = 3755.883 ; gain = 0.000 ; free physical = 71190 ; free virtual = 106945
Phase 2.4 Global Placement Core | Checksum: eb223c1a

Time (s): cpu = 00:00:07 ; elapsed = 00:00:02 . Memory (MB): peak = 3755.883 ; gain = 0.000 ; free physical = 71209 ; free virtual = 106964
Phase 2 Global Placement | Checksum: eb223c1a

Time (s): cpu = 00:00:07 ; elapsed = 00:00:02 . Memory (MB): peak = 3755.883 ; gain = 0.000 ; free physical = 71209 ; free virtual = 106964

Phase 3 Detail Placement

Phase 3.1 Commit Multi Column Macros
Phase 3.1 Commit Multi Column Macros | Checksum: f1593cac

Time (s): cpu = 00:00:07 ; elapsed = 00:00:02 . Memory (MB): peak = 3755.883 ; gain = 0.000 ; free physical = 71209 ; free virtual = 106964

Phase 3.2 Commit Most Macros & LUTRAMs
Phase 3.2 Commit Most Macros & LUTRAMs | Checksum: f97c40fa

Time (s): cpu = 00:00:08 ; elapsed = 00:00:02 . Memory (MB): peak = 3755.883 ; gain = 0.000 ; free physical = 71210 ; free virtual = 106965

Phase 3.3 Area Swap Optimization
Phase 3.3 Area Swap Optimization | Checksum: 103c15937

Time (s): cpu = 00:00:08 ; elapsed = 00:00:02 . Memory (MB): peak = 3755.883 ; gain = 0.000 ; free physical = 71210 ; free virtual = 106965

Phase 3.4 Pipeline Register Optimization
Phase 3.4 Pipeline Register Optimization | Checksum: bc1b52e1

Time (s): cpu = 00:00:08 ; elapsed = 00:00:02 . Memory (MB): peak = 3755.883 ; gain = 0.000 ; free physical = 71210 ; free virtual = 106965

Phase 3.5 Small Shape Detail Placement
Phase 3.5 Small Shape Detail Placement | Checksum: 1ee762b31

Time (s): cpu = 00:00:09 ; elapsed = 00:00:03 . Memory (MB): peak = 3755.883 ; gain = 0.000 ; free physical = 71210 ; free virtual = 106965

Phase 3.6 Re-assign LUT pins
Phase 3.6 Re-assign LUT pins | Checksum: 1f9ffe215

Time (s): cpu = 00:00:09 ; elapsed = 00:00:03 . Memory (MB): peak = 3755.883 ; gain = 0.000 ; free physical = 71208 ; free virtual = 106963

Phase 3.7 Pipeline Register Optimization
Phase 3.7 Pipeline Register Optimization | Checksum: 1c0333171

Time (s): cpu = 00:00:09 ; elapsed = 00:00:03 . Memory (MB): peak = 3755.883 ; gain = 0.000 ; free physical = 71208 ; free virtual = 106963
Phase 3 Detail Placement | Checksum: 1c0333171

Time (s): cpu = 00:00:09 ; elapsed = 00:00:03 . Memory (MB): peak = 3755.883 ; gain = 0.000 ; free physical = 71208 ; free virtual = 106963

Phase 4 Post Placement Optimization and Clean-Up

Phase 4.1 Post Commit Optimization
INFO: [Timing 38-35] Done setting XDC timing constraints.

Phase 4.1.1 Post Placement Optimization
Post Placement Optimization Initialization | Checksum: 290e2c01d

Phase 4.1.1.1 BUFG Insertion

Starting Physical Synthesis Task

Phase 1 Physical Synthesis Initialization
INFO: [Physopt 32-721] Multithreading enabled for phys_opt_design using a maximum of 8 CPUs
INFO: [Physopt 32-619] Estimated Timing Summary | WNS=2.957 | TNS=0.000 |
Phase 1 Physical Synthesis Initialization | Checksum: 19b10d91a

Time (s): cpu = 00:00:00.18 ; elapsed = 00:00:00.05 . Memory (MB): peak = 3755.883 ; gain = 0.000 ; free physical = 71205 ; free virtual = 106960
INFO: [Place 46-56] BUFG insertion identified 0 candidate nets. Inserted BUFG: 0, Replicated BUFG Driver: 0, Skipped due to Placement/Routing Conflicts: 0, Skipped due to Timing Degradation: 0, Skipped due to Illegal Netlist: 0.
Ending Physical Synthesis Task | Checksum: 1aac24d23

Time (s): cpu = 00:00:00.2 ; elapsed = 00:00:00.07 . Memory (MB): peak = 3755.883 ; gain = 0.000 ; free physical = 71205 ; free virtual = 106960
Phase 4.1.1.1 BUFG Insertion | Checksum: 290e2c01d

Time (s): cpu = 00:00:10 ; elapsed = 00:00:03 . Memory (MB): peak = 3755.883 ; gain = 0.000 ; free physical = 71205 ; free virtual = 106960

Phase 4.1.1.2 Post Placement Timing Optimization
INFO: [Place 30-746] Post Placement Timing Summary WNS=2.957. For the most accurate timing information please run report_timing.
Phase 4.1.1.2 Post Placement Timing Optimization | Checksum: 1e00f5dff

Time (s): cpu = 00:00:10 ; elapsed = 00:00:03 . Memory (MB): peak = 3755.883 ; gain = 0.000 ; free physical = 71209 ; free virtual = 106964

Time (s): cpu = 00:00:10 ; elapsed = 00:00:03 . Memory (MB): peak = 3755.883 ; gain = 0.000 ; free physical = 71209 ; free virtual = 106964
Phase 4.1 Post Commit Optimization | Checksum: 1e00f5dff

Time (s): cpu = 00:00:10 ; elapsed = 00:00:03 . Memory (MB): peak = 3755.883 ; gain = 0.000 ; free physical = 71209 ; free virtual = 106965

Phase 4.2 Post Placement Cleanup
Phase 4.2 Post Placement Cleanup | Checksum: 1e00f5dff

Time (s): cpu = 00:00:10 ; elapsed = 00:00:04 . Memory (MB): peak = 3755.883 ; gain = 0.000 ; free physical = 71210 ; free virtual = 106965

Phase 4.3 Placer Reporting

Phase 4.3.1 Print Estimated Congestion
INFO: [Place 30-612] Post-Placement Estimated Congestion 
 ____________________________________________________
|           | Global Congestion | Short Congestion  |
| Direction | Region Size       | Region Size       |
|___________|___________________|___________________|
|      North|                1x1|                1x1|
|___________|___________________|___________________|
|      South|                1x1|                1x1|
|___________|___________________|___________________|
|       East|                1x1|                1x1|
|___________|___________________|___________________|
|       West|                1x1|                1x1|
|___________|___________________|___________________|

Phase 4.3.1 Print Estimated Congestion | Checksum: 1e00f5dff

Time (s): cpu = 00:00:10 ; elapsed = 00:00:04 . Memory (MB): peak = 3755.883 ; gain = 0.000 ; free physical = 71211 ; free virtual = 106966
Phase 4.3 Placer Reporting | Checksum: 1e00f5dff

Time (s): cpu = 00:00:10 ; elapsed = 00:00:04 . Memory (MB): peak = 3755.883 ; gain = 0.000 ; free physical = 71211 ; free virtual = 106966

Phase 4.4 Final Placement Cleanup
Netlist sorting complete. Time (s): cpu = 00:00:00 ; elapsed = 00:00:00 . Memory (MB): peak = 3755.883 ; gain = 0.000 ; free physical = 71211 ; free virtual = 106966

Time (s): cpu = 00:00:10 ; elapsed = 00:00:04 . Memory (MB): peak = 3755.883 ; gain = 0.000 ; free physical = 71211 ; free virtual = 106966
Phase 4 Post Placement Optimization and Clean-Up | Checksum: 1b629f581

Time (s): cpu = 00:00:10 ; elapsed = 00:00:04 . Memory (MB): peak = 3755.883 ; gain = 0.000 ; free physical = 71211 ; free virtual = 106966
Ending Placer Task | Checksum: 17cce01ab

Time (s): cpu = 00:00:10 ; elapsed = 00:00:04 . Memory (MB): peak = 3755.883 ; gain = 0.000 ; free physical = 71211 ; free virtual = 106966
INFO: [Common 17-83] Releasing license: Implementation
67 Infos, 0 Warnings, 0 Critical Warnings and 0 Errors encountered.
place_design completed successfully
INFO: [Timing 38-480] Writing timing data to binary archive.
Writing XDEF routing.
Writing XDEF routing logical nets.
Writing XDEF routing special nets.
Write XDEF Complete: Time (s): cpu = 00:00:00.45 ; elapsed = 00:00:00.43 . Memory (MB): peak = 3755.883 ; gain = 0.000 ; free physical = 71235 ; free virtual = 106995
INFO: [Common 17-1381] The checkpoint '/home/raoar/RP_WS/DOM_AES_CW305/vivado/DOM_AES_CW305/DOM_AES_CW305.runs/impl_1/cw305_top_placed.dcp' has been generated.
INFO: [runtcl-4] Executing : report_io -file cw305_top_io_placed.rpt
report_io: Time (s): cpu = 00:00:00.05 ; elapsed = 00:00:00.16 . Memory (MB): peak = 3755.883 ; gain = 0.000 ; free physical = 71226 ; free virtual = 106983
INFO: [runtcl-4] Executing : report_utilization -file cw305_top_utilization_placed.rpt -pb cw305_top_utilization_placed.pb
INFO: [runtcl-4] Executing : report_control_sets -verbose -file cw305_top_control_sets_placed.rpt
report_control_sets: Time (s): cpu = 00:00:00.01 ; elapsed = 00:00:00.11 . Memory (MB): peak = 3755.883 ; gain = 0.000 ; free physical = 71239 ; free virtual = 106997
Command: route_design
Attempting to get a license for feature 'Implementation' and/or device 'xc7a100t'
INFO: [Common 17-349] Got license for feature 'Implementation' and/or device 'xc7a100t'
Running DRC as a precondition to command route_design
INFO: [DRC 23-27] Running DRC with 8 threads
INFO: [Vivado_Tcl 4-198] DRC finished with 0 Errors
INFO: [Vivado_Tcl 4-199] Please refer to the DRC report (report_drc) for more information.


Starting Routing Task
INFO: [Route 35-254] Multithreading enabled for route_design using a maximum of 8 CPUs

Phase 1 Build RT Design
Checksum: PlaceDB: f9e0c9fd ConstDB: 0 ShapeSum: 82ed37ae RouteDB: 0
Post Restoration Checksum: NetGraph: 4713f63e NumContArr: 7411bfc0 Constraints: 0 Timing: 0
Phase 1 Build RT Design | Checksum: bb25b5fe

Time (s): cpu = 00:00:24 ; elapsed = 00:00:21 . Memory (MB): peak = 3828.500 ; gain = 72.617 ; free physical = 70521 ; free virtual = 106319

Phase 2 Router Initialization

Phase 2.1 Fix Topology Constraints
Phase 2.1 Fix Topology Constraints | Checksum: bb25b5fe

Time (s): cpu = 00:00:24 ; elapsed = 00:00:21 . Memory (MB): peak = 3861.500 ; gain = 105.617 ; free physical = 70492 ; free virtual = 106291

Phase 2.2 Pre Route Cleanup
Phase 2.2 Pre Route Cleanup | Checksum: bb25b5fe

Time (s): cpu = 00:00:24 ; elapsed = 00:00:21 . Memory (MB): peak = 3861.500 ; gain = 105.617 ; free physical = 70490 ; free virtual = 106288
 Number of Nodes with overlaps = 0

Phase 2.3 Update Timing
Phase 2.3 Update Timing | Checksum: 1bbcffeb8

Time (s): cpu = 00:00:25 ; elapsed = 00:00:21 . Memory (MB): peak = 3883.797 ; gain = 127.914 ; free physical = 70319 ; free virtual = 106118
INFO: [Route 35-416] Intermediate Timing Summary | WNS=2.977  | TNS=0.000  | WHS=-0.585 | THS=-251.434|


Router Utilization Summary
  Global Vertical Routing Utilization    = 0 %
  Global Horizontal Routing Utilization  = 0 %
  Routable Net Status*
  *Does not include unroutable nets such as driverless and loadless.
  Run report_route_status for detailed report.
  Number of Failed Nets               = 2951
    (Failed Nets is the sum of unrouted and partially routed nets)
  Number of Unrouted Nets             = 2951
  Number of Partially Routed Nets     = 0
  Number of Node Overlaps             = 0

Phase 2 Router Initialization | Checksum: 22ae0d503

Time (s): cpu = 00:00:26 ; elapsed = 00:00:21 . Memory (MB): peak = 3885.797 ; gain = 129.914 ; free physical = 70238 ; free virtual = 106036

Phase 3 Initial Routing

Phase 3.1 Global Routing
Phase 3.1 Global Routing | Checksum: 22ae0d503

Time (s): cpu = 00:00:26 ; elapsed = 00:00:21 . Memory (MB): peak = 3885.797 ; gain = 129.914 ; free physical = 70238 ; free virtual = 106036
Phase 3 Initial Routing | Checksum: b66a8326

Time (s): cpu = 00:00:27 ; elapsed = 00:00:22 . Memory (MB): peak = 3885.797 ; gain = 129.914 ; free physical = 70235 ; free virtual = 106034

Phase 4 Rip-up And Reroute

Phase 4.1 Global Iteration 0
 Number of Nodes with overlaps = 310
 Number of Nodes with overlaps = 23
 Number of Nodes with overlaps = 8
 Number of Nodes with overlaps = 3
 Number of Nodes with overlaps = 0
INFO: [Route 35-416] Intermediate Timing Summary | WNS=1.813  | TNS=0.000  | WHS=N/A    | THS=N/A    |

Phase 4.1 Global Iteration 0 | Checksum: 20e496201

Time (s): cpu = 00:00:28 ; elapsed = 00:00:23 . Memory (MB): peak = 3885.797 ; gain = 129.914 ; free physical = 70221 ; free virtual = 106020
Phase 4 Rip-up And Reroute | Checksum: 20e496201

Time (s): cpu = 00:00:28 ; elapsed = 00:00:23 . Memory (MB): peak = 3885.797 ; gain = 129.914 ; free physical = 70220 ; free virtual = 106019

Phase 5 Delay and Skew Optimization

Phase 5.1 Delay CleanUp
Phase 5.1 Delay CleanUp | Checksum: 20e496201

Time (s): cpu = 00:00:28 ; elapsed = 00:00:23 . Memory (MB): peak = 3885.797 ; gain = 129.914 ; free physical = 70219 ; free virtual = 106017

Phase 5.2 Clock Skew Optimization
Phase 5.2 Clock Skew Optimization | Checksum: 20e496201

Time (s): cpu = 00:00:28 ; elapsed = 00:00:23 . Memory (MB): peak = 3885.797 ; gain = 129.914 ; free physical = 70218 ; free virtual = 106016
Phase 5 Delay and Skew Optimization | Checksum: 20e496201

Time (s): cpu = 00:00:28 ; elapsed = 00:00:23 . Memory (MB): peak = 3885.797 ; gain = 129.914 ; free physical = 70217 ; free virtual = 106016

Phase 6 Post Hold Fix

Phase 6.1 Hold Fix Iter

Phase 6.1.1 Update Timing
Phase 6.1.1 Update Timing | Checksum: 18ecf5b47

Time (s): cpu = 00:00:29 ; elapsed = 00:00:23 . Memory (MB): peak = 3885.797 ; gain = 129.914 ; free physical = 70213 ; free virtual = 106012
INFO: [Route 35-416] Intermediate Timing Summary | WNS=1.878  | TNS=0.000  | WHS=-0.922 | THS=-27.290|

Phase 6.1 Hold Fix Iter | Checksum: 271e26cb7

Time (s): cpu = 00:00:29 ; elapsed = 00:00:23 . Memory (MB): peak = 3887.797 ; gain = 131.914 ; free physical = 70203 ; free virtual = 106002
Phase 6 Post Hold Fix | Checksum: 26d8eb005

Time (s): cpu = 00:00:29 ; elapsed = 00:00:23 . Memory (MB): peak = 3887.797 ; gain = 131.914 ; free physical = 70201 ; free virtual = 106000

Phase 7 Route finalize

Router Utilization Summary
  Global Vertical Routing Utilization    = 0.444401 %
  Global Horizontal Routing Utilization  = 0.481316 %
  Routable Net Status*
  *Does not include unroutable nets such as driverless and loadless.
  Run report_route_status for detailed report.
  Number of Failed Nets               = 0
    (Failed Nets is the sum of unrouted and partially routed nets)
  Number of Unrouted Nets             = 0
  Number of Partially Routed Nets     = 0
  Number of Node Overlaps             = 0

Phase 7 Route finalize | Checksum: 1a116f1ec

Time (s): cpu = 00:00:29 ; elapsed = 00:00:23 . Memory (MB): peak = 3887.797 ; gain = 131.914 ; free physical = 70197 ; free virtual = 105996

Phase 8 Verifying routed nets

 Verification completed successfully
Phase 8 Verifying routed nets | Checksum: 1a116f1ec

Time (s): cpu = 00:00:29 ; elapsed = 00:00:23 . Memory (MB): peak = 3889.797 ; gain = 133.914 ; free physical = 70195 ; free virtual = 105994

Phase 9 Depositing Routes
Phase 9 Depositing Routes | Checksum: 1cb93ea47

Time (s): cpu = 00:00:29 ; elapsed = 00:00:23 . Memory (MB): peak = 3905.805 ; gain = 149.922 ; free physical = 70172 ; free virtual = 105971

Phase 10 Post Router Timing

Phase 10.1 Update Timing
Phase 10.1 Update Timing | Checksum: 217fc8bca

Time (s): cpu = 00:00:30 ; elapsed = 00:00:23 . Memory (MB): peak = 3905.805 ; gain = 149.922 ; free physical = 70186 ; free virtual = 105984
INFO: [Route 35-57] Estimated Timing Summary | WNS=1.878  | TNS=0.000  | WHS=0.108  | THS=0.000  |

INFO: [Route 35-327] The final timing numbers are based on the router estimated timing analysis. For a complete and accurate timing signoff, please run report_timing_summary.
Phase 10 Post Router Timing | Checksum: 217fc8bca

Time (s): cpu = 00:00:30 ; elapsed = 00:00:23 . Memory (MB): peak = 3905.805 ; gain = 149.922 ; free physical = 70185 ; free virtual = 105983
INFO: [Route 35-16] Router Completed Successfully

Time (s): cpu = 00:00:30 ; elapsed = 00:00:23 . Memory (MB): peak = 3905.805 ; gain = 149.922 ; free physical = 70231 ; free virtual = 106030

Routing Is Done.
INFO: [Common 17-83] Releasing license: Implementation
84 Infos, 0 Warnings, 0 Critical Warnings and 0 Errors encountered.
route_design completed successfully
route_design: Time (s): cpu = 00:00:31 ; elapsed = 00:00:24 . Memory (MB): peak = 3905.805 ; gain = 149.922 ; free physical = 70250 ; free virtual = 106049
INFO: [Timing 38-480] Writing timing data to binary archive.
Writing XDEF routing.
Writing XDEF routing logical nets.
Writing XDEF routing special nets.
Write XDEF Complete: Time (s): cpu = 00:00:00.49 ; elapsed = 00:00:00.61 . Memory (MB): peak = 3905.805 ; gain = 0.000 ; free physical = 70210 ; free virtual = 106014
INFO: [Common 17-1381] The checkpoint '/home/raoar/RP_WS/DOM_AES_CW305/vivado/DOM_AES_CW305/DOM_AES_CW305.runs/impl_1/cw305_top_routed.dcp' has been generated.
INFO: [runtcl-4] Executing : report_drc -file cw305_top_drc_routed.rpt -pb cw305_top_drc_routed.pb -rpx cw305_top_drc_routed.rpx
Command: report_drc -file cw305_top_drc_routed.rpt -pb cw305_top_drc_routed.pb -rpx cw305_top_drc_routed.rpx
INFO: [IP_Flow 19-1839] IP Catalog is up to date.
INFO: [DRC 23-27] Running DRC with 8 threads
INFO: [Vivado_Tcl 2-168] The results of DRC are in file /home/raoar/RP_WS/DOM_AES_CW305/vivado/DOM_AES_CW305/DOM_AES_CW305.runs/impl_1/cw305_top_drc_routed.rpt.
report_drc completed successfully
INFO: [runtcl-4] Executing : report_methodology -file cw305_top_methodology_drc_routed.rpt -pb cw305_top_methodology_drc_routed.pb -rpx cw305_top_methodology_drc_routed.rpx
Command: report_methodology -file cw305_top_methodology_drc_routed.rpt -pb cw305_top_methodology_drc_routed.pb -rpx cw305_top_methodology_drc_routed.rpx
INFO: [Timing 38-35] Done setting XDC timing constraints.
INFO: [DRC 23-133] Running Methodology with 8 threads
INFO: [Vivado_Tcl 2-1520] The results of Report Methodology are in file /home/raoar/RP_WS/DOM_AES_CW305/vivado/DOM_AES_CW305/DOM_AES_CW305.runs/impl_1/cw305_top_methodology_drc_routed.rpt.
report_methodology completed successfully
INFO: [runtcl-4] Executing : report_power -file cw305_top_power_routed.rpt -pb cw305_top_power_summary_routed.pb -rpx cw305_top_power_routed.rpx
Command: report_power -file cw305_top_power_routed.rpt -pb cw305_top_power_summary_routed.pb -rpx cw305_top_power_routed.rpx
INFO: [Power 33-23] Power model is not available for U_buildtime
INFO: [Timing 38-35] Done setting XDC timing constraints.
Running Vector-less Activity Propagation...

Finished Running Vector-less Activity Propagation
WARNING: [Power 33-332] Found switching activity that implies high-fanout reset nets being asserted for excessive periods of time which may result in inaccurate power analysis.
Resolution: To review and fix problems, please run Power Constraints Advisor in the GUI from Tools > Power Constraints Advisor or run report_power with the -advisory option to generate a text report.
97 Infos, 1 Warnings, 0 Critical Warnings and 0 Errors encountered.
report_power completed successfully
INFO: [runtcl-4] Executing : report_route_status -file cw305_top_route_status.rpt -pb cw305_top_route_status.pb
INFO: [runtcl-4] Executing : report_timing_summary -max_paths 10 -report_unconstrained -file cw305_top_timing_summary_routed.rpt -pb cw305_top_timing_summary_routed.pb -rpx cw305_top_timing_summary_routed.rpx -warn_on_violation 
INFO: [Timing 38-91] UpdateTimingParams: Speed grade: -2, Delay Type: min_max.
INFO: [Timing 38-191] Multithreading enabled for timing update using a maximum of 8 CPUs
INFO: [runtcl-4] Executing : report_incremental_reuse -file cw305_top_incremental_reuse_routed.rpt
INFO: [Vivado_Tcl 4-1062] Incremental flow is disabled. No incremental reuse Info to report.
INFO: [runtcl-4] Executing : report_clock_utilization -file cw305_top_clock_utilization_routed.rpt
INFO: [runtcl-4] Executing : report_bus_skew -warn_on_violation -file cw305_top_bus_skew_routed.rpt -pb cw305_top_bus_skew_routed.pb -rpx cw305_top_bus_skew_routed.rpx
INFO: [Timing 38-91] UpdateTimingParams: Speed grade: -2, Delay Type: min_max.
INFO: [Timing 38-191] Multithreading enabled for timing update using a maximum of 8 CPUs
Command: write_bitstream -force cw305_top.bit
Attempting to get a license for feature 'Implementation' and/or device 'xc7a100t'
INFO: [Common 17-349] Got license for feature 'Implementation' and/or device 'xc7a100t'
Running DRC as a precondition to command write_bitstream
INFO: [IP_Flow 19-1839] IP Catalog is up to date.
INFO: [DRC 23-27] Running DRC with 8 threads
INFO: [Vivado 12-3199] DRC finished with 0 Errors
INFO: [Vivado 12-3200] Please refer to the DRC report (report_drc) for more information.
INFO: [Designutils 20-2272] Running write_bitstream with 8 threads.
Loading data files...
Loading site data...
Loading route data...
Processing options...
Overwriting "TIMESTAMP" with "31B5190E" for option USR_ACCESS
TIMESTAMP = Fri Mar  6 17:36:14 2026

Creating bitmap...
Creating bitstream...
Bitstream compression saved 24719360 bits.
Writing bitstream ./cw305_top.bit...
INFO: [Vivado 12-1842] Bitgen Completed Successfully.
INFO: [Common 17-83] Releasing license: Implementation
11 Infos, 0 Warnings, 0 Critical Warnings and 0 Errors encountered.
write_bitstream completed successfully
write_bitstream: Time (s): cpu = 00:00:10 ; elapsed = 00:00:17 . Memory (MB): peak = 4262.801 ; gain = 261.125 ; free physical = 70134 ; free virtual = 105954
INFO: [Common 17-206] Exiting Vivado at Fri Mar  6 17:36:16 2026...
